# JRE version: Java(TM) SE Runtime Environment (8.0_221-b11) (build 1.8.0_221-b11)
# Java VM: Java HotSpot(TM) 64-Bit Server VM (25.221-b11 mixed mode windows-amd64 compressed oops)
Heap:
 PSYoungGen      total 446976K, used 252870K [0x00000000d5f00000, 0x00000000f8600000, 0x0000000100000000)
  eden space 429568K, 58% used [0x00000000d5f00000,0x00000000e54c9738,0x00000000f0280000)
  from space 17408K, 6% used [0x00000000f0280000,0x00000000f03a81a0,0x00000000f1380000)
  to   space 17408K, 0% used [0x00000000f7500000,0x00000000f7500000,0x00000000f8600000)
 ParOldGen       total 100352K, used 37404K [0x0000000081c00000, 0x0000000087e00000, 0x00000000d5f00000)
  object space 100352K, 37% used [0x0000000081c00000,0x0000000084087248,0x0000000087e00000)
 Metaspace       used 64006K, capacity 67112K, committed 67200K, reserved 1107968K
  class space    used 8549K, capacity 9064K, committed 9088K, reserved 1048576K
GC Heap History (10 events):
Event: 29.087 GC heap before
{Heap before GC invocations=12 (full 2):
 PSYoungGen      total 236032K, used 224768K [0x00000000d5f00000, 0x00000000ead00000, 0x0000000100000000)
  eden space 224768K, 100% used [0x00000000d5f00000,0x00000000e3a80000,0x00000000e3a80000)
  from space 11264K, 0% used [0x00000000e3a80000,0x00000000e3a80000,0x00000000e4580000)
  to   space 13312K, 0% used [0x00000000ea000000,0x00000000ea000000,0x00000000ead00000)
 ParOldGen       total 69632K, used 16292K [0x0000000081c00000, 0x0000000086000000, 0x00000000d5f00000)
  object space 69632K, 23% used [0x0000000081c00000,0x0000000082be9200,0x0000000086000000)
 Metaspace       used 42701K, capacity 44510K, committed 44800K, reserved 1087488K
  class space    used 5520K, capacity 5873K, committed 5888K, reserved 1048576K
Event: 29.106 GC heap after
Heap after GC invocations=12 (full 2):
 PSYoungGen      total 327680K, used 10410K [0x00000000d5f00000, 0x00000000eb380000, 0x0000000100000000)
  eden space 314368K, 0% used [0x00000000d5f00000,0x00000000d5f00000,0x00000000e9200000)
  from space 13312K, 78% used [0x00000000ea000000,0x00000000eaa2a958,0x00000000ead00000)
  to   space 14336K, 0% used [0x00000000e9200000,0x00000000e9200000,0x00000000ea000000)
 ParOldGen       total 69632K, used 16300K [0x0000000081c00000, 0x0000000086000000, 0x00000000d5f00000)
  object space 69632K, 23% used [0x0000000081c00000,0x0000000082beb200,0x0000000086000000)
 Metaspace       used 42701K, capacity 44510K, committed 44800K, reserved 1087488K
  class space    used 5520K, capacity 5873K, committed 5888K, reserved 1048576K
}
Event: 37.539 GC heap before
{Heap before GC invocations=13 (full 2):
 PSYoungGen      total 327680K, used 271484K [0x00000000d5f00000, 0x00000000eb380000, 0x0000000100000000)
  eden space 314368K, 83% used [0x00000000d5f00000,0x00000000e5df49e0,0x00000000e9200000)
  from space 13312K, 78% used [0x00000000ea000000,0x00000000eaa2a958,0x00000000ead00000)
  to   space 14336K, 0% used [0x00000000e9200000,0x00000000e9200000,0x00000000ea000000)
 ParOldGen       total 69632K, used 16300K [0x0000000081c00000, 0x0000000086000000, 0x00000000d5f00000)
  object space 69632K, 23% used [0x0000000081c00000,0x0000000082beb200,0x0000000086000000)
 Metaspace       used 56615K, capacity 59072K, committed 59096K, reserved 1099776K
  class space    used 7627K, capacity 8058K, committed 8064K, reserved 1048576K
Event: 37.566 GC heap after
Heap after GC invocations=13 (full 2):
 PSYoungGen      total 328704K, used 14324K [0x00000000d5f00000, 0x00000000f2d00000, 0x0000000100000000)
  eden space 314368K, 0% used [0x00000000d5f00000,0x00000000d5f00000,0x00000000e9200000)
  from space 14336K, 99% used [0x00000000e9200000,0x00000000e9ffd3e8,0x00000000ea000000)
  to   space 17920K, 0% used [0x00000000f1b80000,0x00000000f1b80000,0x00000000f2d00000)
 ParOldGen       total 69632K, used 20783K [0x0000000081c00000, 0x0000000086000000, 0x00000000d5f00000)
  object space 69632K, 29% used [0x0000000081c00000,0x000000008304bc70,0x0000000086000000)
 Metaspace       used 56615K, capacity 59072K, committed 59096K, reserved 1099776K
  class space    used 7627K, capacity 8058K, committed 8064K, reserved 1048576K
}
Event: 37.566 GC heap before
{Heap before GC invocations=14 (full 3):
 PSYoungGen      total 328704K, used 14324K [0x00000000d5f00000, 0x00000000f2d00000, 0x0000000100000000)
  eden space 314368K, 0% used [0x00000000d5f00000,0x00000000d5f00000,0x00000000e9200000)
  from space 14336K, 99% used [0x00000000e9200000,0x00000000e9ffd3e8,0x00000000ea000000)
  to   space 17920K, 0% used [0x00000000f1b80000,0x00000000f1b80000,0x00000000f2d00000)
 ParOldGen       total 69632K, used 20783K [0x0000000081c00000, 0x0000000086000000, 0x00000000d5f00000)
  object space 69632K, 29% used [0x0000000081c00000,0x000000008304bc70,0x0000000086000000)
 Metaspace       used 56615K, capacity 59072K, committed 59096K, reserved 1099776K
  class space    used 7627K, capacity 8058K, committed 8064K, reserved 1048576K
Event: 37.808 GC heap after
Heap after GC invocations=14 (full 3):
 PSYoungGen      total 328704K, used 0K [0x00000000d5f00000, 0x00000000f2d00000, 0x0000000100000000)
  eden space 314368K, 0% used [0x00000000d5f00000,0x00000000d5f00000,0x00000000e9200000)
  from space 14336K, 0% used [0x00000000e9200000,0x00000000e9200000,0x00000000ea000000)
  to   space 17920K, 0% used [0x00000000f1b80000,0x00000000f1b80000,0x00000000f2d00000)
 ParOldGen       total 100352K, used 33110K [0x0000000081c00000, 0x0000000087e00000, 0x00000000d5f00000)
  object space 100352K, 32% used [0x0000000081c00000,0x0000000083c55818,0x0000000087e00000)
 Metaspace       used 56615K, capacity 59072K, committed 59096K, reserved 1099776K
  class space    used 7627K, capacity 8058K, committed 8064K, reserved 1048576K
}
Event: 1008.566 GC heap before
{Heap before GC invocations=15 (full 3):
 PSYoungGen      total 328704K, used 314368K [0x00000000d5f00000, 0x00000000f2d00000, 0x0000000100000000)
  eden space 314368K, 100% used [0x00000000d5f00000,0x00000000e9200000,0x00000000e9200000)
  from space 14336K, 0% used [0x00000000e9200000,0x00000000e9200000,0x00000000ea000000)
  to   space 17920K, 0% used [0x00000000f1b80000,0x00000000f1b80000,0x00000000f2d00000)
 ParOldGen       total 100352K, used 33110K [0x0000000081c00000, 0x0000000087e00000, 0x00000000d5f00000)
  object space 100352K, 32% used [0x0000000081c00000,0x0000000083c55818,0x0000000087e00000)
 Metaspace       used 63682K, capacity 66744K, committed 66944K, reserved 1107968K
  class space    used 8543K, capacity 9056K, committed 9088K, reserved 1048576K
Event: 1008.635 GC heap after
Heap after GC invocations=15 (full 3):
 PSYoungGen      total 423936K, used 9172K [0x00000000d5f00000, 0x00000000f2480000, 0x0000000100000000)
  eden space 414720K, 0% used [0x00000000d5f00000,0x00000000d5f00000,0x00000000ef400000)
  from space 9216K, 99% used [0x00000000f1b80000,0x00000000f24753f8,0x00000000f2480000)
  to   space 17408K, 0% used [0x00000000f0280000,0x00000000f0280000,0x00000000f1380000)
 ParOldGen       total 100352K, used 33110K [0x0000000081c00000, 0x0000000087e00000, 0x00000000d5f00000)
  object space 100352K, 32% used [0x0000000081c00000,0x0000000083c55818,0x0000000087e00000)
 Metaspace       used 63682K, capacity 66744K, committed 66944K, reserved 1107968K
  class space    used 8543K, capacity 9056K, committed 9088K, reserved 1048576K
}
Event: 3673.287 GC heap before
{Heap before GC invocations=16 (full 3):
 PSYoungGen      total 423936K, used 423892K [0x00000000d5f00000, 0x00000000f2480000, 0x0000000100000000)
  eden space 414720K, 100% used [0x00000000d5f00000,0x00000000ef400000,0x00000000ef400000)
  from space 9216K, 99% used [0x00000000f1b80000,0x00000000f24753f8,0x00000000f2480000)
  to   space 17408K, 0% used [0x00000000f0280000,0x00000000f0280000,0x00000000f1380000)
 ParOldGen       total 100352K, used 33110K [0x0000000081c00000, 0x0000000087e00000, 0x00000000d5f00000)
  object space 100352K, 32% used [0x0000000081c00000,0x0000000083c55818,0x0000000087e00000)
 Metaspace       used 63969K, capacity 66984K, committed 67200K, reserved 1107968K
  class space    used 8549K, capacity 9064K, committed 9088K, reserved 1048576K
Event: 3673.397 GC heap after
Heap after GC invocations=16 (full 3):
 PSYoungGen      total 446976K, used 1184K [0x00000000d5f00000, 0x00000000f8600000, 0x0000000100000000)
  eden space 429568K, 0% used [0x00000000d5f00000,0x00000000d5f00000,0x00000000f0280000)
  from space 17408K, 6% used [0x00000000f0280000,0x00000000f03a81a0,0x00000000f1380000)
  to   space 17408K, 0% used [0x00000000f7500000,0x00000000f7500000,0x00000000f8600000)
 ParOldGen       total 100352K, used 37404K [0x0000000081c00000, 0x0000000087e00000, 0x00000000d5f00000)
  object space 100352K, 37% used [0x0000000081c00000,0x0000000084087248,0x0000000087e00000)
 Metaspace       used 63969K, capacity 66984K, committed 67200K, reserved 1107968K
  class space    used 8549K, capacity 9064K, committed 9088K, reserved 1048576K
}

