# JRE version: Java(TM) SE Runtime Environment (8.0_221-b11) (build 1.8.0_221-b11)
# Java VM: Java HotSpot(TM) 64-Bit Server VM (25.221-b11 mixed mode windows-amd64 compressed oops)
Heap:
 PSYoungGen      total 240128K, used 55333K [0x00000000d5f00000, 0x00000000e5500000, 0x0000000100000000)
  eden space 228864K, 24% used [0x00000000d5f00000,0x00000000d95094b8,0x00000000e3e80000)
  from space 11264K, 0% used [0x00000000e3e80000,0x00000000e3e80000,0x00000000e4980000)
  to   space 9216K, 0% used [0x00000000e4980000,0x00000000e4980000,0x00000000e5280000)
 ParOldGen       total 70656K, used 16601K [0x0000000081c00000, 0x0000000086100000, 0x00000000d5f00000)
  object space 70656K, 23% used [0x0000000081c00000,0x0000000082c36528,0x0000000086100000)
 Metaspace       used 35015K, capacity 36688K, committed 36824K, reserved 1081344K
  class space    used 4448K, capacity 4788K, committed 4824K, reserved 1048576K
GC Heap History (10 events):
Event: 7.196 GC heap before
{Heap before GC invocations=7 (full 1):
 PSYoungGen      total 139776K, used 6905K [0x00000000d5f00000, 0x00000000df200000, 0x0000000100000000)
  eden space 132096K, 0% used [0x00000000d5f00000,0x00000000d5f00000,0x00000000de000000)
  from space 7680K, 89% used [0x00000000de880000,0x00000000def3e780,0x00000000df000000)
  to   space 8704K, 0% used [0x00000000de000000,0x00000000de000000,0x00000000de880000)
 ParOldGen       total 87552K, used 2273K [0x0000000081c00000, 0x0000000087180000, 0x00000000d5f00000)
  object space 87552K, 2% used [0x0000000081c00000,0x0000000081e386a0,0x0000000087180000)
 Metaspace       used 20606K, capacity 21060K, committed 21248K, reserved 1067008K
  class space    used 2549K, capacity 2689K, committed 2816K, reserved 1048576K
Event: 7.272 GC heap after
Heap after GC invocations=7 (full 1):
 PSYoungGen      total 139776K, used 0K [0x00000000d5f00000, 0x00000000df200000, 0x0000000100000000)
  eden space 132096K, 0% used [0x00000000d5f00000,0x00000000d5f00000,0x00000000de000000)
  from space 7680K, 0% used [0x00000000de880000,0x00000000de880000,0x00000000df000000)
  to   space 8704K, 0% used [0x00000000de000000,0x00000000de000000,0x00000000de880000)
 ParOldGen       total 48640K, used 6666K [0x0000000081c00000, 0x0000000084b80000, 0x00000000d5f00000)
  object space 48640K, 13% used [0x0000000081c00000,0x0000000082282bf8,0x0000000084b80000)
 Metaspace       used 20605K, capacity 21054K, committed 21248K, reserved 1067008K
  class space    used 2548K, capacity 2688K, committed 2816K, reserved 1048576K
}
Event: 12.713 GC heap before
{Heap before GC invocations=8 (full 1):
 PSYoungGen      total 139776K, used 132096K [0x00000000d5f00000, 0x00000000df200000, 0x0000000100000000)
  eden space 132096K, 100% used [0x00000000d5f00000,0x00000000de000000,0x00000000de000000)
  from space 7680K, 0% used [0x00000000de880000,0x00000000de880000,0x00000000df000000)
  to   space 8704K, 0% used [0x00000000de000000,0x00000000de000000,0x00000000de880000)
 ParOldGen       total 48640K, used 6666K [0x0000000081c00000, 0x0000000084b80000, 0x00000000d5f00000)
  object space 48640K, 13% used [0x0000000081c00000,0x0000000082282bf8,0x0000000084b80000)
 Metaspace       used 25939K, capacity 26808K, committed 27136K, reserved 1073152K
  class space    used 3231K, capacity 3468K, committed 3584K, reserved 1048576K
Event: 12.726 GC heap after
Heap after GC invocations=8 (full 1):
 PSYoungGen      total 140800K, used 7488K [0x00000000d5f00000, 0x00000000e5280000, 0x0000000100000000)
  eden space 132096K, 0% used [0x00000000d5f00000,0x00000000d5f00000,0x00000000de000000)
  from space 8704K, 86% used [0x00000000de000000,0x00000000de750170,0x00000000de880000)
  to   space 9216K, 0% used [0x00000000e4980000,0x00000000e4980000,0x00000000e5280000)
 ParOldGen       total 48640K, used 6739K [0x0000000081c00000, 0x0000000084b80000, 0x00000000d5f00000)
  object space 48640K, 13% used [0x0000000081c00000,0x0000000082294c08,0x0000000084b80000)
 Metaspace       used 25939K, capacity 26808K, committed 27136K, reserved 1073152K
  class space    used 3231K, capacity 3468K, committed 3584K, reserved 1048576K
}
Event: 15.761 GC heap before
{Heap before GC invocations=9 (full 1):
 PSYoungGen      total 140800K, used 139584K [0x00000000d5f00000, 0x00000000e5280000, 0x0000000100000000)
  eden space 132096K, 100% used [0x00000000d5f00000,0x00000000de000000,0x00000000de000000)
  from space 8704K, 86% used [0x00000000de000000,0x00000000de750170,0x00000000de880000)
  to   space 9216K, 0% used [0x00000000e4980000,0x00000000e4980000,0x00000000e5280000)
 ParOldGen       total 48640K, used 6739K [0x0000000081c00000, 0x0000000084b80000, 0x00000000d5f00000)
  object space 48640K, 13% used [0x0000000081c00000,0x0000000082294c08,0x0000000084b80000)
 Metaspace       used 31750K, capacity 33312K, committed 33536K, reserved 1079296K
  class space    used 4048K, capacity 4344K, committed 4352K, reserved 1048576K
Event: 15.834 GC heap after
Heap after GC invocations=9 (full 1):
 PSYoungGen      total 238080K, used 9196K [0x00000000d5f00000, 0x00000000e5500000, 0x0000000100000000)
  eden space 228864K, 0% used [0x00000000d5f00000,0x00000000d5f00000,0x00000000e3e80000)
  from space 9216K, 99% used [0x00000000e4980000,0x00000000e527b3f8,0x00000000e5280000)
  to   space 11264K, 0% used [0x00000000e3e80000,0x00000000e3e80000,0x00000000e4980000)
 ParOldGen       total 48640K, used 8541K [0x0000000081c00000, 0x0000000084b80000, 0x00000000d5f00000)
  object space 48640K, 17% used [0x0000000081c00000,0x00000000824574b0,0x0000000084b80000)
 Metaspace       used 31750K, capacity 33312K, committed 33536K, reserved 1079296K
  class space    used 4048K, capacity 4344K, committed 4352K, reserved 1048576K
}
Event: 17.394 GC heap before
{Heap before GC invocations=10 (full 1):
 PSYoungGen      total 238080K, used 37655K [0x00000000d5f00000, 0x00000000e5500000, 0x0000000100000000)
  eden space 228864K, 12% used [0x00000000d5f00000,0x00000000d7acaba8,0x00000000e3e80000)
  from space 9216K, 99% used [0x00000000e4980000,0x00000000e527b3f8,0x00000000e5280000)
  to   space 11264K, 0% used [0x00000000e3e80000,0x00000000e3e80000,0x00000000e4980000)
 ParOldGen       total 48640K, used 8541K [0x0000000081c00000, 0x0000000084b80000, 0x00000000d5f00000)
  object space 48640K, 17% used [0x0000000081c00000,0x00000000824574b0,0x0000000084b80000)
 Metaspace       used 33713K, capacity 35344K, committed 35416K, reserved 1079296K
  class space    used 4308K, capacity 4650K, committed 4696K, reserved 1048576K
Event: 17.415 GC heap after
Heap after GC invocations=10 (full 1):
 PSYoungGen      total 240128K, used 11248K [0x00000000d5f00000, 0x00000000e5500000, 0x0000000100000000)
  eden space 228864K, 0% used [0x00000000d5f00000,0x00000000d5f00000,0x00000000e3e80000)
  from space 11264K, 99% used [0x00000000e3e80000,0x00000000e497c338,0x00000000e4980000)
  to   space 9216K, 0% used [0x00000000e4980000,0x00000000e4980000,0x00000000e5280000)
 ParOldGen       total 48640K, used 9535K [0x0000000081c00000, 0x0000000084b80000, 0x00000000d5f00000)
  object space 48640K, 19% used [0x0000000081c00000,0x000000008254fd80,0x0000000084b80000)
 Metaspace       used 33713K, capacity 35344K, committed 35416K, reserved 1079296K
  class space    used 4308K, capacity 4650K, committed 4696K, reserved 1048576K
}
Event: 17.415 GC heap before
{Heap before GC invocations=11 (full 2):
 PSYoungGen      total 240128K, used 11248K [0x00000000d5f00000, 0x00000000e5500000, 0x0000000100000000)
  eden space 228864K, 0% used [0x00000000d5f00000,0x00000000d5f00000,0x00000000e3e80000)
  from space 11264K, 99% used [0x00000000e3e80000,0x00000000e497c338,0x00000000e4980000)
  to   space 9216K, 0% used [0x00000000e4980000,0x00000000e4980000,0x00000000e5280000)
 ParOldGen       total 48640K, used 9535K [0x0000000081c00000, 0x0000000084b80000, 0x00000000d5f00000)
  object space 48640K, 19% used [0x0000000081c00000,0x000000008254fd80,0x0000000084b80000)
 Metaspace       used 33713K, capacity 35344K, committed 35416K, reserved 1079296K
  class space    used 4308K, capacity 4650K, committed 4696K, reserved 1048576K
Event: 17.503 GC heap after
Heap after GC invocations=11 (full 2):
 PSYoungGen      total 240128K, used 0K [0x00000000d5f00000, 0x00000000e5500000, 0x0000000100000000)
  eden space 228864K, 0% used [0x00000000d5f00000,0x00000000d5f00000,0x00000000e3e80000)
  from space 11264K, 0% used [0x00000000e3e80000,0x00000000e3e80000,0x00000000e4980000)
  to   space 9216K, 0% used [0x00000000e4980000,0x00000000e4980000,0x00000000e5280000)
 ParOldGen       total 70656K, used 16601K [0x0000000081c00000, 0x0000000086100000, 0x00000000d5f00000)
  object space 70656K, 23% used [0x0000000081c00000,0x0000000082c36528,0x0000000086100000)
 Metaspace       used 33713K, capacity 35344K, committed 35416K, reserved 1079296K
  class space    used 4308K, capacity 4650K, committed 4696K, reserved 1048576K
}

